0 info it worked if it ends with ok
1 verbose cli [ '/usr/local/Cellar/node/6.3.0/bin/node',
1 verbose cli   '/usr/local/bin/npm',
1 verbose cli   'run',
1 verbose cli   'dev-server' ]
2 info using npm@3.10.3
3 info using node@v6.3.0
4 verbose run-script [ 'predev-server', 'dev-server', 'postdev-server' ]
5 info lifecycle webpack-workshop@~predev-server: webpack-workshop@
6 silly lifecycle webpack-workshop@~predev-server: no script for predev-server, continuing
7 info lifecycle webpack-workshop@~dev-server: webpack-workshop@
8 verbose lifecycle webpack-workshop@~dev-server: unsafe-perm in lifecycle true
9 verbose lifecycle webpack-workshop@~dev-server: PATH: /usr/local/lib/node_modules/npm/bin/node-gyp-bin:/Users/zen/Code/bocoup/webpack-workshop/content/00-core/02-package-loaders/solution/node_modules/.bin:/usr/local/Cellar/node/6.3.0/bin:/Users/zen/.cargo/bin:/usr/local/Cellar/ruby192/1.9.2-p290/bin:/usr/local/bin:/usr/local/sbin:/usr/bin:/bin:/usr/sbin:/sbin:/usr/X11/bin:/usr/libexec:/Users/zen/bin:/Users/zen/bin:/Applications/Xcode.app/Contents/Developer/usr/bin:/usr/local/share/npm/bin:node_modules/.bin
10 verbose lifecycle webpack-workshop@~dev-server: CWD: /Users/zen/Code/bocoup/webpack-workshop/content/00-core/02-package-loaders/solution
11 silly lifecycle webpack-workshop@~dev-server: Args: [ '-c', '../../../node_modules/.bin/webpack-dev-server' ]
12 info lifecycle webpack-workshop@~dev-server: Failed to exec dev-server script
13 verbose stack Error: webpack-workshop@ dev-server: `../../../node_modules/.bin/webpack-dev-server`
13 verbose stack spawn ENOENT
13 verbose stack     at ChildProcess.<anonymous> (/usr/local/lib/node_modules/npm/lib/utils/spawn.js:33:16)
13 verbose stack     at emitTwo (events.js:106:13)
13 verbose stack     at ChildProcess.emit (events.js:191:7)
13 verbose stack     at maybeClose (internal/child_process.js:852:16)
13 verbose stack     at Process.ChildProcess._handle.onexit (internal/child_process.js:215:5)
14 verbose pkgid webpack-workshop@
15 verbose cwd /Users/zen/Code/bocoup/webpack-workshop/content/00-core/02-package-loaders/solution
16 error Darwin 15.5.0
17 error argv "/usr/local/Cellar/node/6.3.0/bin/node" "/usr/local/bin/npm" "run" "dev-server"
18 error node v6.3.0
19 error npm  v3.10.3
20 error file sh
21 error code ELIFECYCLE
22 error errno ENOENT
23 error syscall spawn
24 error webpack-workshop@ dev-server: `../../../node_modules/.bin/webpack-dev-server`
24 error spawn ENOENT
25 error Failed at the webpack-workshop@ dev-server script '../../../node_modules/.bin/webpack-dev-server'.
25 error Make sure you have the latest version of node.js and npm installed.
25 error If you do, this is most likely a problem with the webpack-workshop package,
25 error not with npm itself.
25 error Tell the author that this fails on your system:
25 error     ../../../node_modules/.bin/webpack-dev-server
25 error You can get information on how to open an issue for this project with:
25 error     npm bugs webpack-workshop
25 error Or if that isn't available, you can get their info via:
25 error     npm owner ls webpack-workshop
25 error There is likely additional logging output above.
26 verbose exit [ 1, true ]
